{"/Users/ianevangelista/OneDrive - NTNU/Dataingeniør/2. klasse/1. semester/TDAT2003 Systemutvikling 2 med web-applikasjoner/sysweb/server/src/tests/dao.js": {"path":"/Users/ianevangelista/OneDrive - NTNU/Dataingeniør/2. klasse/1. semester/TDAT2003 Systemutvikling 2 med web-applikasjoner/sysweb/server/src/tests/dao.js","statementMap":{"0":{"start":{"line":1,"column":0},"end":{"line":28,"column":2}},"1":{"start":{"line":4,"column":4},"end":{"line":4,"column":21}},"2":{"start":{"line":8,"column":4},"end":{"line":26,"column":7}},"3":{"start":{"line":9,"column":6},"end":{"line":9,"column":48}},"4":{"start":{"line":10,"column":6},"end":{"line":25,"column":7}},"5":{"start":{"line":11,"column":8},"end":{"line":11,"column":45}},"6":{"start":{"line":12,"column":8},"end":{"line":12,"column":60}},"7":{"start":{"line":14,"column":8},"end":{"line":14,"column":48}},"8":{"start":{"line":15,"column":8},"end":{"line":24,"column":11}},"9":{"start":{"line":16,"column":10},"end":{"line":16,"column":31}},"10":{"start":{"line":17,"column":10},"end":{"line":23,"column":11}},"11":{"start":{"line":18,"column":12},"end":{"line":18,"column":29}},"12":{"start":{"line":19,"column":12},"end":{"line":19,"column":55}},"13":{"start":{"line":21,"column":12},"end":{"line":21,"column":47}},"14":{"start":{"line":22,"column":12},"end":{"line":22,"column":32}}},"fnMap":{"0":{"name":"(anonymous_0)","decl":{"start":{"line":2,"column":2},"end":{"line":2,"column":3}},"loc":{"start":{"line":2,"column":20},"end":{"line":5,"column":3}},"line":2},"1":{"name":"(anonymous_1)","decl":{"start":{"line":7,"column":2},"end":{"line":7,"column":3}},"loc":{"start":{"line":7,"column":31},"end":{"line":27,"column":3}},"line":7},"2":{"name":"(anonymous_2)","decl":{"start":{"line":8,"column":28},"end":{"line":8,"column":29}},"loc":{"start":{"line":8,"column":49},"end":{"line":26,"column":5}},"line":8},"3":{"name":"(anonymous_3)","decl":{"start":{"line":15,"column":38},"end":{"line":15,"column":39}},"loc":{"start":{"line":15,"column":53},"end":{"line":24,"column":9}},"line":15}},"branchMap":{"0":{"loc":{"start":{"line":10,"column":6},"end":{"line":25,"column":7}},"type":"if","locations":[{"start":{"line":10,"column":6},"end":{"line":25,"column":7}},{"start":{"line":10,"column":6},"end":{"line":25,"column":7}}],"line":10},"1":{"loc":{"start":{"line":17,"column":10},"end":{"line":23,"column":11}},"type":"if","locations":[{"start":{"line":17,"column":10},"end":{"line":23,"column":11}},{"start":{"line":17,"column":10},"end":{"line":23,"column":11}}],"line":17}},"s":{"0":1,"1":1,"2":1,"3":1,"4":1,"5":1,"6":1,"7":0,"8":0,"9":0,"10":0,"11":0,"12":0,"13":0,"14":0},"f":{"0":1,"1":1,"2":1,"3":0},"b":{"0":[1,0],"1":[0,0]},"_coverageSchema":"43e27e138ebf9cfc5966b082cf9a028302ed4184","hash":"bd38e92c5cf1ec3eab0cccf196118169ab888646"}
,"/Users/ianevangelista/OneDrive - NTNU/Dataingeniør/2. klasse/1. semester/TDAT2003 Systemutvikling 2 med web-applikasjoner/sysweb/server/src/tests/newsdao.js": {"path":"/Users/ianevangelista/OneDrive - NTNU/Dataingeniør/2. klasse/1. semester/TDAT2003 Systemutvikling 2 med web-applikasjoner/sysweb/server/src/tests/newsdao.js","statementMap":{"0":{"start":{"line":1,"column":12},"end":{"line":1,"column":31}},"1":{"start":{"line":3,"column":0},"end":{"line":53,"column":2}},"2":{"start":{"line":5,"column":4},"end":{"line":9,"column":6}},"3":{"start":{"line":13,"column":4},"end":{"line":17,"column":6}},"4":{"start":{"line":21,"column":14},"end":{"line":27,"column":5}},"5":{"start":{"line":28,"column":4},"end":{"line":32,"column":6}},"6":{"start":{"line":36,"column":14},"end":{"line":42,"column":5}},"7":{"start":{"line":43,"column":4},"end":{"line":47,"column":6}},"8":{"start":{"line":51,"column":4},"end":{"line":51,"column":66}}},"fnMap":{"0":{"name":"(anonymous_0)","decl":{"start":{"line":4,"column":2},"end":{"line":4,"column":3}},"loc":{"start":{"line":4,"column":28},"end":{"line":10,"column":3}},"line":4},"1":{"name":"(anonymous_1)","decl":{"start":{"line":12,"column":2},"end":{"line":12,"column":3}},"loc":{"start":{"line":12,"column":23},"end":{"line":18,"column":3}},"line":12},"2":{"name":"(anonymous_2)","decl":{"start":{"line":20,"column":2},"end":{"line":20,"column":3}},"loc":{"start":{"line":20,"column":28},"end":{"line":33,"column":3}},"line":20},"3":{"name":"(anonymous_3)","decl":{"start":{"line":35,"column":2},"end":{"line":35,"column":3}},"loc":{"start":{"line":35,"column":28},"end":{"line":48,"column":3}},"line":35},"4":{"name":"(anonymous_4)","decl":{"start":{"line":50,"column":2},"end":{"line":50,"column":3}},"loc":{"start":{"line":50,"column":26},"end":{"line":52,"column":3}},"line":50}},"branchMap":{},"s":{"0":1,"1":1,"2":0,"3":1,"4":0,"5":0,"6":0,"7":0,"8":0},"f":{"0":0,"1":1,"2":0,"3":0,"4":0},"b":{},"_coverageSchema":"43e27e138ebf9cfc5966b082cf9a028302ed4184","hash":"8973d0e9ad8940e998d7e9a2d799759a5040b58a"}
,"/Users/ianevangelista/OneDrive - NTNU/Dataingeniør/2. klasse/1. semester/TDAT2003 Systemutvikling 2 med web-applikasjoner/sysweb/server/src/tests/runsqlfile.js": {"path":"/Users/ianevangelista/OneDrive - NTNU/Dataingeniør/2. klasse/1. semester/TDAT2003 Systemutvikling 2 med web-applikasjoner/sysweb/server/src/tests/runsqlfile.js","statementMap":{"0":{"start":{"line":1,"column":12},"end":{"line":1,"column":28}},"1":{"start":{"line":2,"column":9},"end":{"line":2,"column":22}},"2":{"start":{"line":4,"column":0},"end":{"line":25,"column":2}},"3":{"start":{"line":5,"column":2},"end":{"line":5,"column":54}},"4":{"start":{"line":6,"column":12},"end":{"line":6,"column":45}},"5":{"start":{"line":7,"column":2},"end":{"line":24,"column":5}},"6":{"start":{"line":8,"column":4},"end":{"line":23,"column":5}},"7":{"start":{"line":9,"column":6},"end":{"line":9,"column":50}},"8":{"start":{"line":10,"column":6},"end":{"line":10,"column":13}},"9":{"start":{"line":12,"column":6},"end":{"line":12,"column":43}},"10":{"start":{"line":13,"column":6},"end":{"line":22,"column":9}},"11":{"start":{"line":14,"column":8},"end":{"line":14,"column":29}},"12":{"start":{"line":15,"column":8},"end":{"line":21,"column":9}},"13":{"start":{"line":16,"column":10},"end":{"line":16,"column":27}},"14":{"start":{"line":17,"column":10},"end":{"line":17,"column":17}},"15":{"start":{"line":19,"column":10},"end":{"line":19,"column":44}},"16":{"start":{"line":20,"column":10},"end":{"line":20,"column":17}}},"fnMap":{"0":{"name":"run","decl":{"start":{"line":4,"column":26},"end":{"line":4,"column":29}},"loc":{"start":{"line":4,"column":52},"end":{"line":25,"column":1}},"line":4},"1":{"name":"(anonymous_1)","decl":{"start":{"line":7,"column":21},"end":{"line":7,"column":22}},"loc":{"start":{"line":7,"column":42},"end":{"line":24,"column":3}},"line":7},"2":{"name":"(anonymous_2)","decl":{"start":{"line":13,"column":28},"end":{"line":13,"column":29}},"loc":{"start":{"line":13,"column":43},"end":{"line":22,"column":7}},"line":13}},"branchMap":{"0":{"loc":{"start":{"line":8,"column":4},"end":{"line":23,"column":5}},"type":"if","locations":[{"start":{"line":8,"column":4},"end":{"line":23,"column":5}},{"start":{"line":8,"column":4},"end":{"line":23,"column":5}}],"line":8},"1":{"loc":{"start":{"line":15,"column":8},"end":{"line":21,"column":9}},"type":"if","locations":[{"start":{"line":15,"column":8},"end":{"line":21,"column":9}},{"start":{"line":15,"column":8},"end":{"line":21,"column":9}}],"line":15}},"s":{"0":1,"1":1,"2":1,"3":1,"4":1,"5":0,"6":0,"7":0,"8":0,"9":0,"10":0,"11":0,"12":0,"13":0,"14":0,"15":0,"16":0},"f":{"0":1,"1":0,"2":0},"b":{"0":[0,0],"1":[0,0]},"_coverageSchema":"43e27e138ebf9cfc5966b082cf9a028302ed4184","hash":"7ad4a73ff67b2991ea48fa44f7344409b12753bf"}
}
